<?xml version="1.0" encoding="UTF-8"?>
<!-- Generated by org.testng.reporters.JUnitReportReporter -->
<testsuite skipped="0" hostname="Divyas-MacBook-Air.local" name="Base.selectDateMethod" tests="1" failures="0" timestamp="2020-09-09T23:23:16 IST" time="14.904" errors="0">
  <testcase name="test" time="14.904" classname="Base.selectDateMethod"/>
</testsuite> <!-- Base.selectDateMethod -->
