<?xml version="1.0" encoding="UTF-8"?>
<!-- Generated by org.testng.reporters.JUnitReportReporter -->
<testsuite hostname="Divyas-MacBook-Air.local" failures="0" tests="1" name="Base.SakraWorld" time="14.404" errors="0" timestamp="2020-09-05T15:37:59 IST" skipped="0">
  <testcase classname="Base.SakraWorld" name="sakraTest" time="14.404"/>
</testsuite> <!-- Base.SakraWorld -->
