<?xml version="1.0" encoding="UTF-8"?>
<!-- Generated by org.testng.reporters.JUnitReportReporter -->
<testsuite hostname="Divyas-MacBook-Air.local" failures="0" tests="1" name="Base.TakeScreenshots" time="12.493" errors="0" timestamp="2020-09-05T14:26:51 IST" skipped="0">
  <testcase classname="Base.TakeScreenshots" name="screenshot" time="12.493"/>
</testsuite> <!-- Base.TakeScreenshots -->
