<?xml version="1.0" encoding="UTF-8"?>
<!-- Generated by org.testng.reporters.JUnitReportReporter -->
<testsuite hostname="Divyas-MacBook-Air.local" failures="0" tests="1" name="Base.sakraworldAshish" time="12.783" errors="0" timestamp="2020-09-05T15:35:14 IST" skipped="0">
  <testcase classname="Base.sakraworldAshish" name="appointmentTest" time="12.783"/>
</testsuite> <!-- Base.sakraworldAshish -->
