<?xml version="1.0" encoding="UTF-8"?>
<!-- Generated by org.testng.reporters.JUnitReportReporter -->
<testsuite skipped="0" hostname="Divyas-MacBook-Air.local" name="Login.Cnn" tests="1" failures="0" timestamp="2020-09-02T16:41:01 IST" time="28.637" errors="0">
  <testcase name="cnn" time="28.637" classname="Login.Cnn"/>
</testsuite> <!-- Login.Cnn -->
