<?xml version="1.0" encoding="UTF-8"?>
<!-- Generated by org.testng.reporters.JUnitReportReporter -->
<testsuite skipped="0" hostname="Divyas-MacBook-Air.local" name="Browsers" tests="1" failures="0" timestamp="2020-08-29T16:47:52 IST" time="5.772" errors="0">
  <testcase name="testApp" time="5.772" classname="Browsers"/>
</testsuite> <!-- Browsers -->
