<?xml version="1.0" encoding="UTF-8"?>
<!-- Generated by org.testng.reporters.JUnitReportReporter -->
<testsuite skipped="0" hostname="Divyas-MacBook-Air.local" name="Login.Americangolf" tests="1" failures="0" timestamp="2020-08-30T16:36:42 IST" time="33.566" errors="0">
  <testcase name="americanGolf" time="33.566" classname="Login.Americangolf"/>
</testsuite> <!-- Login.Americangolf -->
