<?xml version="1.0" encoding="UTF-8"?>
<!-- Generated by org.testng.reporters.JUnitReportReporter -->
<testsuite skipped="0" hostname="Divyas-MacBook-Air.local" name="MagicBricks" tests="1" failures="0" timestamp="2020-08-31T19:05:52 IST" time="8.836" errors="0">
  <testcase name="magicBrick" time="8.836" classname="MagicBricks"/>
</testsuite> <!-- MagicBricks -->
