<?xml version="1.0" encoding="UTF-8"?>
<!-- Generated by org.testng.reporters.JUnitReportReporter -->
<testsuite skipped="0" hostname="Divyas-MacBook-Air.local" name="GeckoDriver" tests="1" failures="0" timestamp="2020-08-29T16:19:16 IST" time="6.280" errors="0">
  <testcase name="openFirefox" time="6.280" classname="GeckoDriver"/>
</testsuite> <!-- GeckoDriver -->
