<?xml version="1.0" encoding="UTF-8"?>
<!-- Generated by org.testng.reporters.JUnitReportReporter -->
<testsuite skipped="0" hostname="Divyas-MacBook-Air.local" name="GoogleSerachAjax" tests="1" failures="0" timestamp="2020-08-31T19:09:42 IST" time="5.694" errors="0">
  <testcase name="ajaxSearch" time="5.694" classname="GoogleSerachAjax"/>
</testsuite> <!-- GoogleSerachAjax -->
