<?xml version="1.0" encoding="UTF-8"?>
<!-- Generated by org.testng.reporters.JUnitReportReporter -->
<testsuite skipped="0" hostname="Divyas-MacBook-Air.local" name="Olx" tests="1" failures="0" timestamp="2020-08-31T18:27:43 IST" time="7.116" errors="0">
  <testcase name="olxDropdown" time="7.116" classname="Olx"/>
</testsuite> <!-- Olx -->
