<?xml version="1.0" encoding="UTF-8"?>
<!-- Generated by org.testng.reporters.JUnitReportReporter -->
<testsuite skipped="0" hostname="Divyas-MacBook-Air.local" name="Login.Flipkart" tests="1" failures="0" timestamp="2020-09-03T18:54:08 IST" time="9.722" errors="0">
  <testcase name="tshirtName" time="9.722" classname="Login.Flipkart"/>
</testsuite> <!-- Login.Flipkart -->
