<?xml version="1.0" encoding="UTF-8"?>
<!-- Generated by org.testng.reporters.JUnitReportReporter -->
<testsuite skipped="0" hostname="Divyas-MacBook-Air.local" name="zoho" tests="1" failures="0" timestamp="2020-08-31T15:27:58 IST" time="13.627" errors="0">
  <testcase name="Testzoho" time="13.627" classname="zoho"/>
</testsuite> <!-- zoho -->
