<?xml version="1.0" encoding="UTF-8"?>
<!-- Generated by org.testng.reporters.JUnitReportReporter -->
<testsuite skipped="0" hostname="Divyas-MacBook-Air.local" name="CnnHeaders" tests="1" failures="0" timestamp="2020-09-03T19:19:37 IST" time="10.892" errors="0">
  <testcase name="cnn" time="10.892" classname="CnnHeaders"/>
</testsuite> <!-- CnnHeaders -->
