<?xml version="1.0" encoding="UTF-8"?>
<!-- Generated by org.testng.reporters.JUnitReportReporter -->
<testsuite skipped="0" hostname="Divyas-MacBook-Air.local" name="Login.Facebook" tests="1" failures="0" timestamp="2020-08-30T16:19:10 IST" time="16.100" errors="0">
  <testcase name="facebookFriend" time="16.100" classname="Login.Facebook"/>
</testsuite> <!-- Login.Facebook -->
