<?xml version="1.0" encoding="UTF-8"?>
<!-- Generated by org.testng.reporters.JUnitReportReporter -->
<testsuite skipped="0" hostname="Divyas-MacBook-Air.local" name="Login.GoogleSearch" tests="1" failures="0" timestamp="2020-08-31T19:39:03 IST" time="6.460" errors="0">
  <testcase name="google" time="6.460" classname="Login.GoogleSearch"/>
</testsuite> <!-- Login.GoogleSearch -->
