<?xml version="1.0" encoding="UTF-8"?>
<!-- Generated by org.testng.reporters.JUnitReportReporter -->
<testsuite skipped="0" hostname="Divyas-MacBook-Air.local" name="TestChromeOPtions" tests="1" failures="0" timestamp="2020-08-30T21:24:54 IST" time="5.249" errors="0">
  <testcase name="testChrome" time="5.249" classname="TestChromeOPtions"/>
</testsuite> <!-- TestChromeOPtions -->
