<?xml version="1.0" encoding="UTF-8"?>
<!-- Generated by org.testng.reporters.JUnitReportReporter -->
<testsuite skipped="0" hostname="Divyas-MacBook-Air.local" name="LaunchBrowsers" tests="1" failures="0" timestamp="2020-08-29T17:35:38 IST" time="17.018" errors="0">
  <testcase name="launch" time="17.018" classname="LaunchBrowsers"/>
</testsuite> <!-- LaunchBrowsers -->
