<?xml version="1.0" encoding="UTF-8"?>
<!-- Generated by org.testng.reporters.JUnitReportReporter -->
<testsuite skipped="0" hostname="Divyas-MacBook-Air.local" name="Login.LoginTest" tests="1" failures="0" timestamp="2020-08-29T18:36:02 IST" time="15.178" errors="0">
  <testcase name="login" time="15.178" classname="Login.LoginTest"/>
</testsuite> <!-- Login.LoginTest -->
