<?xml version="1.0" encoding="UTF-8"?>
<!-- Generated by org.testng.reporters.JUnitReportReporter -->
<testsuite skipped="0" hostname="Divyas-MacBook-Air.local" name="olxTypeinDropdown" tests="1" failures="0" timestamp="2020-08-31T18:33:50 IST" time="6.297" errors="0">
  <testcase name="TypeinDropdown" time="6.297" classname="olxTypeinDropdown"/>
</testsuite> <!-- olxTypeinDropdown -->
